#
# There is insufficient memory for the Java Runtime Environment to continue.
# Native memory allocation (mmap) failed to map 197132288 bytes for G1 virtual space
# Possible reasons:
#   The system is out of physical RAM or swap space
#   The process is running with CompressedOops enabled, and the Java Heap may be blocking the growth of the native heap
# Possible solutions:
#   Reduce memory load on the system
#   Increase physical memory or swap space
#   Check if swap backing store is full
#   Decrease Java heap size (-Xmx/-Xms)
#   Decrease number of Java threads
#   Decrease Java thread stack sizes (-Xss)
#   Set larger code cache with -XX:ReservedCodeCacheSize=
#   JVM is running with Zero Based Compressed Oops mode in which the Java heap is
#     placed in the first 32GB address space. The Java Heap base address is the
#     maximum limit for the native heap growth. Please use -XX:HeapBaseMinAddress
#     to set the Java Heap base and to place the Java Heap above 32GB virtual address.
# This output file may be truncated or incomplete.
#
#  Out of Memory Error (os_windows.cpp:3466), pid=17876, tid=15880
#
# JRE version:  (16.0.2+7) (build )
# Java VM: Java HotSpot(TM) 64-Bit Server VM (16.0.2+7-67, mixed mode, sharing, tiered, compressed oops, compressed class ptrs, g1 gc, windows-amd64)
# No core dump will be written. Minidumps are not enabled by default on client versions of Windows
#

---------------  S U M M A R Y ------------

Command Line: -Dclassworlds.conf=C:\Users\NEW USER\Documents\lib\apache-maven-3.8.1-bin\apache-maven-3.8.1\bin\..\bin\m2.conf -Dmaven.home=C:\Users\NEW USER\Documents\lib\apache-maven-3.8.1-bin\apache-maven-3.8.1\bin\.. -Dlibrary.jansi.path=C:\Users\NEW USER\Documents\lib\apache-maven-3.8.1-bin\apache-maven-3.8.1\bin\..\lib\jansi-native -Dmaven.multiModuleProjectDirectory=C:\Users\NEW USER\Documents\Maven Projects\demo2 org.codehaus.plexus.classworlds.launcher.Launcher install -f c:\Users\NEW USER\Documents\Maven Projects\demo2\demo3\pom.xml

Host: Intel(R) Core(TM) i5-4310U CPU @ 2.00GHz, 4 cores, 11G,  Windows 10 , 64 bit Build 19041 (10.0.19041.1202)
Time: Fri Oct 15 01:20:52 2021 GMT Summer Time elapsed time: 0.035239 seconds (0d 0h 0m 0s)

---------------  T H R E A D  ---------------

Current thread (0x000001d8f5d950b0):  JavaThread "Unknown thread" [_thread_in_vm, id=15880, stack(0x000000adb0800000,0x000000adb0900000)]

Stack: [0x000000adb0800000,0x000000adb0900000]
Native frames: (J=compiled Java code, j=interpreted, Vv=VM code, C=native code)
V  [jvm.dll+0x6681ca]
V  [jvm.dll+0x7c9e69]
V  [jvm.dll+0x7cb61e]
V  [jvm.dll+0x7cbc73]
V  [jvm.dll+0x242c55]
V  [jvm.dll+0x664f89]
V  [jvm.dll+0x659b75]
V  [jvm.dll+0x2fbfbb]
V  [jvm.dll+0x3031b6]
V  [jvm.dll+0x35299e]
V  [jvm.dll+0x352bcf]
V  [jvm.dll+0x2d3028]
V  [jvm.dll+0x2d4264]
V  [jvm.dll+0x79c741]
V  [jvm.dll+0x360791]
V  [jvm.dll+0x77a3f0]
V  [jvm.dll+0x3e4e8f]
V  [jvm.dll+0x3e6961]
C  [jli.dll+0x52fb]
C  [ucrtbase.dll+0x21bb2]
C  [KERNEL32.DLL+0x17034]
C  [ntdll.dll+0x52651]


---------------  P R O C E S S  ---------------

Threads class SMR info:
_java_thread_list=0x00007ffce263cbb8, length=0, elements={
}

Java Threads: ( => current thread )

Other Threads:
  0x000001d8f5dd8400 GCTaskThread "GC Thread#0" [stack: 0x000000adb0900000,0x000000adb0a00000] [id=3508]
  0x000001d8f5de4f00 ConcurrentGCThread "G1 Main Marker" [stack: 0x000000adb0a00000,0x000000adb0b00000] [id=21488]
  0x000001d8f5de6110 ConcurrentGCThread "G1 Conc#0" [stack: 0x000000adb0b00000,0x000000adb0c00000] [id=13216]

[error occurred during error reporting (printing all threads), id 0xc0000005, EXCEPTION_ACCESS_VIOLATION (0xc0000005) at pc=0x00007ffce1e13ee7]

VM state: not at safepoint (not fully initialized)

VM Mutex/Monitor currently owned by a thread:  ([mutex/lock_event])
[0x000001d8f5d92fd0] Heap_lock - owner thread: 0x000001d8f5d950b0

Heap address: 0x0000000745400000, size: 2988 MB, Compressed Oops mode: Zero based, Oop shift amount: 3

CDS archive(s) mapped at: [0x0000000000000000-0x0000000000000000-0x0000000000000000), size 0, SharedBaseAddress: 0x0000000800000000, ArchiveRelocationMode: 0.
Narrow klass base: 0x0000000000000000, Narrow klass shift: 0, Narrow klass range: 0x0

GC Precious Log:
<Empty>

Heap:
 garbage-first heap   total 0K, used 0K [0x0000000745400000, 0x0000000800000000)
  region size 2048K, 0 young (0K), 0 survivors (0K)

[error occurred during error reporting (printing heap information), id 0xc0000005, EXCEPTION_ACCESS_VIOLATION (0xc0000005) at pc=0x00007ffce21f1eed]

GC Heap History (0 events):
No events

Deoptimization events (0 events):
No events

Classes unloaded (0 events):
No events

Classes redefined (0 events):
No events

Internal exceptions (0 events):
No events

Events (1 events):
Event: 0.015 Loaded shared library C:\Program Files\Java\jdk-16.0.2\bin\java.dll


Dynamic libraries:
0x00007ff7b1530000 - 0x00007ff7b1540000 	C:\Program Files\Java\jdk-16.0.2\bin\java.exe
0x00007ffd1aab0000 - 0x00007ffd1aca5000 	C:\WINDOWS\SYSTEM32\ntdll.dll
0x00007ffd19c70000 - 0x00007ffd19d2e000 	C:\WINDOWS\System32\KERNEL32.DLL
0x00007ffd18720000 - 0x00007ffd189e9000 	C:\WINDOWS\System32\KERNELBASE.dll
0x00007ffd18310000 - 0x00007ffd18410000 	C:\WINDOWS\System32\ucrtbase.dll
0x00007ffd11ec0000 - 0x00007ffd11ed8000 	C:\Program Files\Java\jdk-16.0.2\bin\jli.dll
0x00007ffd1a220000 - 0x00007ffd1a2cc000 	C:\WINDOWS\System32\ADVAPI32.dll
0x00007ffd1a620000 - 0x00007ffd1a6be000 	C:\WINDOWS\System32\msvcrt.dll
0x00007ffd1a570000 - 0x00007ffd1a60b000 	C:\WINDOWS\System32\sechost.dll
0x00007ffd19350000 - 0x00007ffd1947a000 	C:\WINDOWS\System32\RPCRT4.dll
0x00007ffd1a7d0000 - 0x00007ffd1a971000 	C:\WINDOWS\System32\USER32.dll
0x00007ffd18250000 - 0x00007ffd18272000 	C:\WINDOWS\System32\win32u.dll
0x00007ffd19d30000 - 0x00007ffd19d5b000 	C:\WINDOWS\System32\GDI32.dll
0x00007ffd189f0000 - 0x00007ffd18afb000 	C:\WINDOWS\System32\gdi32full.dll
0x00007ffd11ee0000 - 0x00007ffd11ef9000 	C:\Program Files\Java\jdk-16.0.2\bin\VCRUNTIME140.dll
0x00007ffd184c0000 - 0x00007ffd1855d000 	C:\WINDOWS\System32\msvcp_win.dll
0x00007ffd03860000 - 0x00007ffd03afa000 	C:\WINDOWS\WinSxS\amd64_microsoft.windows.common-controls_6595b64144ccf1df_6.0.19041.1110_none_60b5254171f9507e\COMCTL32.dll
0x00007ffd13d00000 - 0x00007ffd13d0a000 	C:\WINDOWS\SYSTEM32\VERSION.dll
0x00007ffd1a540000 - 0x00007ffd1a570000 	C:\WINDOWS\System32\IMM32.DLL
0x00007ffd15ec0000 - 0x00007ffd15ecc000 	C:\Program Files\Java\jdk-16.0.2\bin\vcruntime140_1.dll
0x00007ffced640000 - 0x00007ffced6d1000 	C:\Program Files\Java\jdk-16.0.2\bin\msvcp140.dll
0x00007ffce1b30000 - 0x00007ffce26db000 	C:\Program Files\Java\jdk-16.0.2\bin\server\jvm.dll
0x00007ffd19340000 - 0x00007ffd19348000 	C:\WINDOWS\System32\PSAPI.DLL
0x00007ffcf2d80000 - 0x00007ffcf2d89000 	C:\WINDOWS\SYSTEM32\WSOCK32.dll
0x00007ffd19530000 - 0x00007ffd1959b000 	C:\WINDOWS\System32\WS2_32.dll
0x00007ffd12be0000 - 0x00007ffd12c07000 	C:\WINDOWS\SYSTEM32\WINMM.dll
0x00007ffd16a50000 - 0x00007ffd16a62000 	C:\WINDOWS\SYSTEM32\kernel.appcore.dll
0x00007ffd127e0000 - 0x00007ffd127ea000 	C:\Program Files\Java\jdk-16.0.2\bin\jimage.dll
0x00007ffd031a0000 - 0x00007ffd03384000 	C:\WINDOWS\SYSTEM32\DBGHELP.DLL
0x00007ffd030c0000 - 0x00007ffd030ec000 	C:\WINDOWS\SYSTEM32\dbgcore.DLL
0x00007ffd18280000 - 0x00007ffd18303000 	C:\WINDOWS\System32\bcryptPrimitives.dll
0x00007ffd0cc00000 - 0x00007ffd0cc25000 	C:\Program Files\Java\jdk-16.0.2\bin\java.dll

dbghelp: loaded successfully - version: 4.0.5 - missing functions: none
symbol engine: initialized successfully - sym options: 0x614 - pdb path: .;C:\Program Files\Java\jdk-16.0.2\bin;C:\WINDOWS\SYSTEM32;C:\WINDOWS\WinSxS\amd64_microsoft.windows.common-controls_6595b64144ccf1df_6.0.19041.1110_none_60b5254171f9507e;C:\Program Files\Java\jdk-16.0.2\bin\server

VM Arguments:
jvm_args: -Dclassworlds.conf=C:\Users\NEW USER\Documents\lib\apache-maven-3.8.1-bin\apache-maven-3.8.1\bin\..\bin\m2.conf -Dmaven.home=C:\Users\NEW USER\Documents\lib\apache-maven-3.8.1-bin\apache-maven-3.8.1\bin\.. -Dlibrary.jansi.path=C:\Users\NEW USER\Documents\lib\apache-maven-3.8.1-bin\apache-maven-3.8.1\bin\..\lib\jansi-native -Dmaven.multiModuleProjectDirectory=C:\Users\NEW USER\Documents\Maven Projects\demo2 
java_command: org.codehaus.plexus.classworlds.launcher.Launcher install -f c:\Users\NEW USER\Documents\Maven Projects\demo2\demo3\pom.xml
java_class_path (initial): C:\Users\NEW USER\Documents\lib\apache-maven-3.8.1-bin\apache-maven-3.8.1\bin\..\boot\plexus-classworlds-2.6.0.jar
Launcher Type: SUN_STANDARD

[Global flags]
     intx CICompilerCount                          = 3                                         {product} {ergonomic}
     uint ConcGCThreads                            = 1                                         {product} {ergonomic}
     uint G1ConcRefinementThreads                  = 4                                         {product} {ergonomic}
   size_t G1HeapRegionSize                         = 2097152                                   {product} {ergonomic}
    uintx GCDrainStackTargetSize                   = 64                                        {product} {ergonomic}
   size_t InitialHeapSize                          = 197132288                                 {product} {ergonomic}
   size_t MarkStackSize                            = 4194304                                   {product} {ergonomic}
   size_t MaxHeapSize                              = 3133145088                                {product} {ergonomic}
   size_t MinHeapDeltaBytes                        = 2097152                                   {product} {ergonomic}
   size_t MinHeapSize                              = 8388608                                   {product} {ergonomic}
    uintx NonNMethodCodeHeapSize                   = 5832780                                {pd product} {ergonomic}
    uintx NonProfiledCodeHeapSize                  = 122912730                              {pd product} {ergonomic}
    uintx ProfiledCodeHeapSize                     = 122912730                              {pd product} {ergonomic}
    uintx ReservedCodeCacheSize                    = 251658240                              {pd product} {ergonomic}
     bool SegmentedCodeCache                       = true                                      {product} {ergonomic}
   size_t SoftMaxHeapSize                          = 3133145088                             {manageable} {ergonomic}
     bool UseCompressedClassPointers               = true                           {product lp64_product} {ergonomic}
     bool UseCompressedOops                        = true                           {product lp64_product} {ergonomic}
     bool UseG1GC                                  = true                                      {product} {ergonomic}
     bool UseLargePagesIndividualAllocation        = false                                  {pd product} {ergonomic}

Logging:
Log output configuration:
 #0: stdout all=warning uptime,level,tags
 #1: stderr all=off uptime,level,tags

Environment Variables:
JAVA_HOME=C:\Program Files\Java\jdk-16.0.2
CLASSPATH=C:\Users\NEW USER\Documents\lib\selenium-java-4.0.0-beta-4(1);C:\Users\NEW USER\Documents\lib\jar_files;C:\Users\NEW USER\Documents\lib\jar_files (2);C:\Users\NEW USER\Downloads\openjfx-11.0.2_windows-x64_bin-sdk\javafx-sdk-11.0.2;C:\Users\NEW USER\Downloads\openjfx-11.0.2_windows-x64_bin-sdk\javafx-sdk-11.0.2\lib;C:\Users\NEW USER\Downloads\openjfx-11.0.2_windows-x64_bin-sdk\javafx-sdk-11.0.2\lib\javafx.graphics\javafx;C:\Users\NEW USER\Downloads\javafx-examples-master\javafx-built-in-layout-pane-examples\src\javafx\example\gridpane\*;C:\Users\NEW USER\Downloads\openjfx-11.0.2_windows-x64_bin-sdk\javafx-sdk-11.0.2;C:\Users\NEW USER\Downloads\openjfx-11.0.2_windows-x64_bin-sdk\javafx-sdk-11.0.2\lib\javafx.graphics\javafx\*;C:\Users\NEW USER\Downloads\openjfx-11.0.2_windows-x64_bin-sdk\javafx-sdk-11.0.2\lib\javafx.graphics\javafx\stage;C:\Users\NEW USER\Downloads\openjfx-11.0.2_windows-x64_bin-sdk\javafx-sdk-11.0.2\lib\*;C:\Users\NEW USER\Downloads\apache-maven-3.8.2-bin\apache-maven-3.8.2\bin;C:\Users\NEW USER\Downloads\apache-maven-3.8.2-bin\apache-maven-3.8.2\lib\*;C:\Users\NEW USER\Downloads\apache-maven-3.8.2-bin\apache-maven-3.8.2\boot\*;C:\Users\NEW USER\Downloads\apache-maven-3.8.2-bin\apache-maven-3.8.2\jdk-16.0.2;C:\Program Files\Java\jdk-16.0.2\lib;
PATH=C:\WINDOWS\system32;C:\WINDOWS;C:\WINDOWS\System32\Wbem;C:\WINDOWS\System32\WindowsPowerShell\v1.0\;C:\WINDOWS\System32\OpenSSH\;C:\Program Files\Epic Games\Fortnite\FortniteGame\Binaries\Win64;C:\Program Files (x86)\Epic Games\Launcher\Engine\Binaries\Win64;C:\Program Files (x86)\Epic Games\Epic Online Services\service;C:\Program Files (x86)\Epic Games\Epic Online Services;C:\Program Files (x86)\Epic Games\DirectXRedist;C:\Users\NEW USER\Desktop;C:\Program Files\Epic Games\Fortnite\Engine\Binaries\Win64;C:\Program Files\dotnet\;C:\Program Files\dotnet;C:\Users\NEW USER\Documents\lib\spring-boot-cli-2.5.1-bin\spring-2.5.1\bin;C:\Users\NEW USER\Documents\lib\apache-maven-3.8.1-bin\apache-maven-3.8.1\bin;C:\Users\NEW USER\Documents\lib\chromedriver_win32;C:\Users\NEW USER\Documents\lib\geckodriver-v0.29.0-win64;C:\Program Files\Java\jdk-16.0.2\bin;C:\Users\NEW USER\Downloads\openjfx-11.0.2_windows-x64_bin-sdk\javafx-sdk-11.0.2;C:\Program Files\Microsoft SQL Server\130\Tools\Binn\;C:\Program Files\Microsoft SQL Server\Client SDK\ODBC\170\Tools\Binn\;C:\Program Files (x86)\QuickTime\QTSystem\;C:\Users\NEW USER\Downloads\openjfx-11.0.2_windows-x64_bin-sdk\javafx-sdk-11.0.2\lib\javafx.graphics\javafx;C:\Users\NEW USER\Downloads\javafx-examples-master\javafx-built-in-layout-pane-examples\src\javafx\example\gridpane\*;C:\Users\NEW USER\Downloads\openjfx-11.0.2_windows-x64_bin-sdk\javafx-sdk-11.0.2;C:\Users\NEW USER\Downloads\openjfx-11.0.2_windows-x64_bin-sdk\javafx-sdk-11.0.2\lib\javafx.graphics\javafx\stage;C:\Users\NEW USER\Downloads\openjfx-11.0.2_windows-x64_bin-sdk\javafx-sdk-11.0.2\lib;C:\Users\NEW USER\Downloads\openjfx-11.0.2_windows-x64_bin-sdk\javafx-sdk-11.0.2\lib*;C:\Users\NEW USER\Downloads\openjfx-11.0.2_windows-x64_bin-sdk\javafx-sdk-11.0.2\lib\*;C:\Users\NEW USER\Downloads\apache-maven-3.8.2-bin\apache-maven-3.8.2\bin;C:\Users\NEW USER\Downloads\apache-maven-3.8.2-bin\apache-maven-3.8.2\lib\*;C:\Program Files (x86)\Git\cmd;C:\Users\NEW USER\AppData\Local\
USERNAME=NEW USER
LANG=en_GB.UTF-8
OS=Windows_NT
PROCESSOR_IDENTIFIER=Intel64 Family 6 Model 69 Stepping 1, GenuineIntel



---------------  S Y S T E M  ---------------

OS:
 Windows 10 , 64 bit Build 19041 (10.0.19041.1202)
OS uptime: 5 days 10:37 hours

CPU: total 4 (initial active 4) (2 cores per cpu, 2 threads per core) family 6 model 69 stepping 1 microcode 0x25, cx8, cmov, fxsr, ht, mmx, sse, sse2, sse3, ssse3, sse4.1, sse4.2, popcnt, lzcnt, tsc, tscinvbit, avx, avx2, aes, erms, clmul, bmi1, bmi2, fma, vzeroupper, clflush

Memory: 4k page, system-wide physical 11945M (928M free)
TotalPageFile size 11945M (AvailPageFile size 159M)
current process WorkingSet (physical memory assigned to process): 10M, peak: 10M
current process commit charge ("private bytes"): 51M, peak: 239M

vm_info: Java HotSpot(TM) 64-Bit Server VM (16.0.2+7-67) for windows-amd64 JRE (16.0.2+7-67), built on Jun  8 2021 23:24:19 by "mach5one" with MS VC++ 16.7 (VS2019)

END.
