#
# There is insufficient memory for the Java Runtime Environment to continue.
# Native memory allocation (malloc) failed to allocate 32744 bytes for ChunkPool::allocate
# Possible reasons:
#   The system is out of physical RAM or swap space
#   The process is running with CompressedOops enabled, and the Java Heap may be blocking the growth of the native heap
# Possible solutions:
#   Reduce memory load on the system
#   Increase physical memory or swap space
#   Check if swap backing store is full
#   Decrease Java heap size (-Xmx/-Xms)
#   Decrease number of Java threads
#   Decrease Java thread stack sizes (-Xss)
#   Set larger code cache with -XX:ReservedCodeCacheSize=
#   JVM is running with Zero Based Compressed Oops mode in which the Java heap is
#     placed in the first 32GB address space. The Java Heap base address is the
#     maximum limit for the native heap growth. Please use -XX:HeapBaseMinAddress
#     to set the Java Heap base and to place the Java Heap above 32GB virtual address.
# This output file may be truncated or incomplete.
#
#  Out of Memory Error (arena.cpp:79), pid=13720, tid=9588
#
# JRE version: Java(TM) SE Runtime Environment (16.0.2+7) (build 16.0.2+7-67)
# Java VM: Java HotSpot(TM) 64-Bit Server VM (16.0.2+7-67, mixed mode, sharing, tiered, compressed oops, compressed class ptrs, g1 gc, windows-amd64)
# No core dump will be written. Minidumps are not enabled by default on client versions of Windows
#

---------------  S U M M A R Y ------------

Command Line: -Dclassworlds.conf=C:\Users\NEW USER\Documents\lib\apache-maven-3.8.1-bin\apache-maven-3.8.1\bin\..\bin\m2.conf -Dmaven.home=C:\Users\NEW USER\Documents\lib\apache-maven-3.8.1-bin\apache-maven-3.8.1\bin\.. -Dlibrary.jansi.path=C:\Users\NEW USER\Documents\lib\apache-maven-3.8.1-bin\apache-maven-3.8.1\bin\..\lib\jansi-native -Dmaven.multiModuleProjectDirectory=C:\Users\NEW USER\Documents\Maven Projects\demo2 org.codehaus.plexus.classworlds.launcher.Launcher install -f c:\Users\NEW USER\Documents\Maven Projects\demo2\demo3\pom.xml

Host: Intel(R) Core(TM) i5-4310U CPU @ 2.00GHz, 4 cores, 11G,  Windows 10 , 64 bit Build 19041 (10.0.19041.1202)
Time: Fri Oct 15 01:20:27 2021 GMT Summer Time elapsed time: 0.114601 seconds (0d 0h 0m 0s)

---------------  T H R E A D  ---------------

Current thread (0x000001ac6d78abf0):  JavaThread "C2 CompilerThread0" daemon [_thread_in_vm, id=9588, stack(0x0000007657200000,0x0000007657300000)]

Stack: [0x0000007657200000,0x0000007657300000]
Native frames: (J=compiled Java code, j=interpreted, Vv=VM code, C=native code)
V  [jvm.dll+0x6681ca]
V  [jvm.dll+0x7c9e69]
V  [jvm.dll+0x7cb61e]
V  [jvm.dll+0x7cbc73]
V  [jvm.dll+0x242c55]
V  [jvm.dll+0xae10f]
V  [jvm.dll+0xae45c]
V  [jvm.dll+0x1d4421]
V  [jvm.dll+0x1c40e7]
V  [jvm.dll+0x1c66a7]
V  [jvm.dll+0x1c6206]
V  [jvm.dll+0x1d5b00]
V  [jvm.dll+0x1d5d53]
V  [jvm.dll+0x222fef]
V  [jvm.dll+0x77fa62]
V  [jvm.dll+0x7795aa]
V  [jvm.dll+0x667066]
C  [ucrtbase.dll+0x21bb2]
C  [KERNEL32.DLL+0x17034]
C  [ntdll.dll+0x52651]


---------------  P R O C E S S  ---------------

Threads class SMR info:
_java_thread_list=0x000001ac6d7897b0, length=10, elements={
0x000001ac4dc55a20, 0x000001ac6d76be60, 0x000001ac6d76cd20, 0x000001ac6d77ea70,
0x000001ac6d780590, 0x000001ac6d782fa0, 0x000001ac6d786ea0, 0x000001ac6d78abf0,
0x000001ac6d78d640, 0x000001ac6d79a480
}

Java Threads: ( => current thread )
  0x000001ac4dc55a20 JavaThread "main" [_thread_in_vm, id=20832, stack(0x0000007656500000,0x0000007656600000)]
  0x000001ac6d76be60 JavaThread "Reference Handler" daemon [_thread_blocked, id=18160, stack(0x0000007656c00000,0x0000007656d00000)]
  0x000001ac6d76cd20 JavaThread "Finalizer" daemon [_thread_blocked, id=4916, stack(0x0000007656d00000,0x0000007656e00000)]
  0x000001ac6d77ea70 JavaThread "Signal Dispatcher" daemon [_thread_blocked, id=18012, stack(0x0000007656e00000,0x0000007656f00000)]
  0x000001ac6d780590 JavaThread "Attach Listener" daemon [_thread_blocked, id=18488, stack(0x0000007656f00000,0x0000007657000000)]
  0x000001ac6d782fa0 JavaThread "Service Thread" daemon [_thread_blocked, id=8688, stack(0x0000007657000000,0x0000007657100000)]
  0x000001ac6d786ea0 JavaThread "Monitor Deflation Thread" daemon [_thread_blocked, id=6860, stack(0x0000007657100000,0x0000007657200000)]
=>0x000001ac6d78abf0 JavaThread "C2 CompilerThread0" daemon [_thread_in_vm, id=9588, stack(0x0000007657200000,0x0000007657300000)]
  0x000001ac6d78d640 JavaThread "C1 CompilerThread0" daemon [_thread_blocked, id=20916, stack(0x0000007657300000,0x0000007657400000)]
  0x000001ac6d79a480 JavaThread "Sweeper thread" daemon [_thread_blocked, id=6216, stack(0x0000007657400000,0x0000007657500000)]

Other Threads:
  0x000001ac6d763200 VMThread "VM Thread" [stack: 0x0000007656b00000,0x0000007656c00000] [id=17872]
  0x000001ac4dc98d80 GCTaskThread "GC Thread#0" [stack: 0x0000007656600000,0x0000007656700000] [id=19388]
  0x000001ac4dca5880 ConcurrentGCThread "G1 Main Marker" [stack: 0x0000007656700000,0x0000007656800000] [id=16196]
  0x000001ac4dca6a90 ConcurrentGCThread "G1 Conc#0" [stack: 0x0000007656800000,0x0000007656900000] [id=10676]
  0x000001ac4dd28590 ConcurrentGCThread "G1 Refine#0" [stack: 0x0000007656900000,0x0000007656a00000] [id=7736]
  0x000001ac6d6201f0 ConcurrentGCThread "G1 Service" [stack: 0x0000007656a00000,0x0000007656b00000] [id=9860]

Threads with active compile tasks:

VM state: not at safepoint (normal execution)

VM Mutex/Monitor currently owned by a thread:  ([mutex/lock_event])
[0x000001ac4dc51c00] CompileThread_lock - owner thread: 0x000001ac6d78abf0

Heap address: 0x0000000745400000, size: 2988 MB, Compressed Oops mode: Zero based, Oop shift amount: 3

CDS archive(s) mapped at: [0x0000000800000000-0x0000000800bb0000-0x0000000800bb0000), size 12255232, SharedBaseAddress: 0x0000000800000000, ArchiveRelocationMode: 0.
Compressed class space mapped at: 0x0000000800c00000-0x0000000840c00000, reserved size: 1073741824
Narrow klass base: 0x0000000800000000, Narrow klass shift: 3, Narrow klass range: 0x100000000

GC Precious Log:
 CPUs: 4 total, 4 available
 Memory: 11945M
 Large Page Support: Disabled
 NUMA Support: Disabled
 Compressed Oops: Enabled (Zero based)
 Heap Region Size: 2M
 Heap Min Capacity: 8M
 Heap Initial Capacity: 188M
 Heap Max Capacity: 2988M
 Pre-touch: Disabled
 Parallel Workers: 4
 Concurrent Workers: 1
 Concurrent Refinement Workers: 4
 Periodic GC: Disabled

Heap:
 garbage-first heap   total 192512K, used 0K [0x0000000745400000, 0x0000000800000000)
  region size 2048K, 1 young (2048K), 0 survivors (0K)
 Metaspace       used 81K, committed 192K, reserved 1056768K
  class space    used 1K, committed 64K, reserved 1048576K

Heap Regions: E=young(eden), S=young(survivor), O=old, HS=humongous(starts), HC=humongous(continues), CS=collection set, F=free, OA=open archive, CA=closed archive, TAMS=top-at-mark-start (previous, next)
|   0|0x0000000745400000, 0x0000000745400000, 0x0000000745600000|  0%| F|  |TAMS 0x0000000745400000, 0x0000000745400000| Untracked 
|   1|0x0000000745600000, 0x0000000745600000, 0x0000000745800000|  0%| F|  |TAMS 0x0000000745600000, 0x0000000745600000| Untracked 
|   2|0x0000000745800000, 0x0000000745800000, 0x0000000745a00000|  0%| F|  |TAMS 0x0000000745800000, 0x0000000745800000| Untracked 
|   3|0x0000000745a00000, 0x0000000745a00000, 0x0000000745c00000|  0%| F|  |TAMS 0x0000000745a00000, 0x0000000745a00000| Untracked 
|   4|0x0000000745c00000, 0x0000000745c00000, 0x0000000745e00000|  0%| F|  |TAMS 0x0000000745c00000, 0x0000000745c00000| Untracked 
|   5|0x0000000745e00000, 0x0000000745e00000, 0x0000000746000000|  0%| F|  |TAMS 0x0000000745e00000, 0x0000000745e00000| Untracked 
|   6|0x0000000746000000, 0x0000000746000000, 0x0000000746200000|  0%| F|  |TAMS 0x0000000746000000, 0x0000000746000000| Untracked 
|   7|0x0000000746200000, 0x0000000746200000, 0x0000000746400000|  0%| F|  |TAMS 0x0000000746200000, 0x0000000746200000| Untracked 
|   8|0x0000000746400000, 0x0000000746400000, 0x0000000746600000|  0%| F|  |TAMS 0x0000000746400000, 0x0000000746400000| Untracked 
|   9|0x0000000746600000, 0x0000000746600000, 0x0000000746800000|  0%| F|  |TAMS 0x0000000746600000, 0x0000000746600000| Untracked 
|  10|0x0000000746800000, 0x0000000746800000, 0x0000000746a00000|  0%| F|  |TAMS 0x0000000746800000, 0x0000000746800000| Untracked 
|  11|0x0000000746a00000, 0x0000000746a00000, 0x0000000746c00000|  0%| F|  |TAMS 0x0000000746a00000, 0x0000000746a00000| Untracked 
|  12|0x0000000746c00000, 0x0000000746c00000, 0x0000000746e00000|  0%| F|  |TAMS 0x0000000746c00000, 0x0000000746c00000| Untracked 
|  13|0x0000000746e00000, 0x0000000746e00000, 0x0000000747000000|  0%| F|  |TAMS 0x0000000746e00000, 0x0000000746e00000| Untracked 
|  14|0x0000000747000000, 0x0000000747000000, 0x0000000747200000|  0%| F|  |TAMS 0x0000000747000000, 0x0000000747000000| Untracked 
|  15|0x0000000747200000, 0x0000000747200000, 0x0000000747400000|  0%| F|  |TAMS 0x0000000747200000, 0x0000000747200000| Untracked 
|  16|0x0000000747400000, 0x0000000747400000, 0x0000000747600000|  0%| F|  |TAMS 0x0000000747400000, 0x0000000747400000| Untracked 
|  17|0x0000000747600000, 0x0000000747600000, 0x0000000747800000|  0%| F|  |TAMS 0x0000000747600000, 0x0000000747600000| Untracked 
|  18|0x0000000747800000, 0x0000000747800000, 0x0000000747a00000|  0%| F|  |TAMS 0x0000000747800000, 0x0000000747800000| Untracked 
|  19|0x0000000747a00000, 0x0000000747a00000, 0x0000000747c00000|  0%| F|  |TAMS 0x0000000747a00000, 0x0000000747a00000| Untracked 
|  20|0x0000000747c00000, 0x0000000747c00000, 0x0000000747e00000|  0%| F|  |TAMS 0x0000000747c00000, 0x0000000747c00000| Untracked 
|  21|0x0000000747e00000, 0x0000000747e00000, 0x0000000748000000|  0%| F|  |TAMS 0x0000000747e00000, 0x0000000747e00000| Untracked 
|  22|0x0000000748000000, 0x0000000748000000, 0x0000000748200000|  0%| F|  |TAMS 0x0000000748000000, 0x0000000748000000| Untracked 
|  23|0x0000000748200000, 0x0000000748200000, 0x0000000748400000|  0%| F|  |TAMS 0x0000000748200000, 0x0000000748200000| Untracked 
|  24|0x0000000748400000, 0x0000000748400000, 0x0000000748600000|  0%| F|  |TAMS 0x0000000748400000, 0x0000000748400000| Untracked 
|  25|0x0000000748600000, 0x0000000748600000, 0x0000000748800000|  0%| F|  |TAMS 0x0000000748600000, 0x0000000748600000| Untracked 
|  26|0x0000000748800000, 0x0000000748800000, 0x0000000748a00000|  0%| F|  |TAMS 0x0000000748800000, 0x0000000748800000| Untracked 
|  27|0x0000000748a00000, 0x0000000748a00000, 0x0000000748c00000|  0%| F|  |TAMS 0x0000000748a00000, 0x0000000748a00000| Untracked 
|  28|0x0000000748c00000, 0x0000000748c00000, 0x0000000748e00000|  0%| F|  |TAMS 0x0000000748c00000, 0x0000000748c00000| Untracked 
|  29|0x0000000748e00000, 0x0000000748e00000, 0x0000000749000000|  0%| F|  |TAMS 0x0000000748e00000, 0x0000000748e00000| Untracked 
|  30|0x0000000749000000, 0x0000000749000000, 0x0000000749200000|  0%| F|  |TAMS 0x0000000749000000, 0x0000000749000000| Untracked 
|  31|0x0000000749200000, 0x0000000749200000, 0x0000000749400000|  0%| F|  |TAMS 0x0000000749200000, 0x0000000749200000| Untracked 
|  32|0x0000000749400000, 0x0000000749400000, 0x0000000749600000|  0%| F|  |TAMS 0x0000000749400000, 0x0000000749400000| Untracked 
|  33|0x0000000749600000, 0x0000000749600000, 0x0000000749800000|  0%| F|  |TAMS 0x0000000749600000, 0x0000000749600000| Untracked 
|  34|0x0000000749800000, 0x0000000749800000, 0x0000000749a00000|  0%| F|  |TAMS 0x0000000749800000, 0x0000000749800000| Untracked 
|  35|0x0000000749a00000, 0x0000000749a00000, 0x0000000749c00000|  0%| F|  |TAMS 0x0000000749a00000, 0x0000000749a00000| Untracked 
|  36|0x0000000749c00000, 0x0000000749c00000, 0x0000000749e00000|  0%| F|  |TAMS 0x0000000749c00000, 0x0000000749c00000| Untracked 
|  37|0x0000000749e00000, 0x0000000749e00000, 0x000000074a000000|  0%| F|  |TAMS 0x0000000749e00000, 0x0000000749e00000| Untracked 
|  38|0x000000074a000000, 0x000000074a000000, 0x000000074a200000|  0%| F|  |TAMS 0x000000074a000000, 0x000000074a000000| Untracked 
|  39|0x000000074a200000, 0x000000074a200000, 0x000000074a400000|  0%| F|  |TAMS 0x000000074a200000, 0x000000074a200000| Untracked 
|  40|0x000000074a400000, 0x000000074a400000, 0x000000074a600000|  0%| F|  |TAMS 0x000000074a400000, 0x000000074a400000| Untracked 
|  41|0x000000074a600000, 0x000000074a600000, 0x000000074a800000|  0%| F|  |TAMS 0x000000074a600000, 0x000000074a600000| Untracked 
|  42|0x000000074a800000, 0x000000074a800000, 0x000000074aa00000|  0%| F|  |TAMS 0x000000074a800000, 0x000000074a800000| Untracked 
|  43|0x000000074aa00000, 0x000000074aa00000, 0x000000074ac00000|  0%| F|  |TAMS 0x000000074aa00000, 0x000000074aa00000| Untracked 
|  44|0x000000074ac00000, 0x000000074ac00000, 0x000000074ae00000|  0%| F|  |TAMS 0x000000074ac00000, 0x000000074ac00000| Untracked 
|  45|0x000000074ae00000, 0x000000074ae00000, 0x000000074b000000|  0%| F|  |TAMS 0x000000074ae00000, 0x000000074ae00000| Untracked 
|  46|0x000000074b000000, 0x000000074b000000, 0x000000074b200000|  0%| F|  |TAMS 0x000000074b000000, 0x000000074b000000| Untracked 
|  47|0x000000074b200000, 0x000000074b200000, 0x000000074b400000|  0%| F|  |TAMS 0x000000074b200000, 0x000000074b200000| Untracked 
|  48|0x000000074b400000, 0x000000074b400000, 0x000000074b600000|  0%| F|  |TAMS 0x000000074b400000, 0x000000074b400000| Untracked 
|  49|0x000000074b600000, 0x000000074b600000, 0x000000074b800000|  0%| F|  |TAMS 0x000000074b600000, 0x000000074b600000| Untracked 
|  50|0x000000074b800000, 0x000000074b800000, 0x000000074ba00000|  0%| F|  |TAMS 0x000000074b800000, 0x000000074b800000| Untracked 
|  51|0x000000074ba00000, 0x000000074ba00000, 0x000000074bc00000|  0%| F|  |TAMS 0x000000074ba00000, 0x000000074ba00000| Untracked 
|  52|0x000000074bc00000, 0x000000074bc00000, 0x000000074be00000|  0%| F|  |TAMS 0x000000074bc00000, 0x000000074bc00000| Untracked 
|  53|0x000000074be00000, 0x000000074be00000, 0x000000074c000000|  0%| F|  |TAMS 0x000000074be00000, 0x000000074be00000| Untracked 
|  54|0x000000074c000000, 0x000000074c000000, 0x000000074c200000|  0%| F|  |TAMS 0x000000074c000000, 0x000000074c000000| Untracked 
|  55|0x000000074c200000, 0x000000074c200000, 0x000000074c400000|  0%| F|  |TAMS 0x000000074c200000, 0x000000074c200000| Untracked 
|  56|0x000000074c400000, 0x000000074c400000, 0x000000074c600000|  0%| F|  |TAMS 0x000000074c400000, 0x000000074c400000| Untracked 
|  57|0x000000074c600000, 0x000000074c600000, 0x000000074c800000|  0%| F|  |TAMS 0x000000074c600000, 0x000000074c600000| Untracked 
|  58|0x000000074c800000, 0x000000074c800000, 0x000000074ca00000|  0%| F|  |TAMS 0x000000074c800000, 0x000000074c800000| Untracked 
|  59|0x000000074ca00000, 0x000000074ca00000, 0x000000074cc00000|  0%| F|  |TAMS 0x000000074ca00000, 0x000000074ca00000| Untracked 
|  60|0x000000074cc00000, 0x000000074cc00000, 0x000000074ce00000|  0%| F|  |TAMS 0x000000074cc00000, 0x000000074cc00000| Untracked 
|  61|0x000000074ce00000, 0x000000074ce00000, 0x000000074d000000|  0%| F|  |TAMS 0x000000074ce00000, 0x000000074ce00000| Untracked 
|  62|0x000000074d000000, 0x000000074d000000, 0x000000074d200000|  0%| F|  |TAMS 0x000000074d000000, 0x000000074d000000| Untracked 
|  63|0x000000074d200000, 0x000000074d200000, 0x000000074d400000|  0%| F|  |TAMS 0x000000074d200000, 0x000000074d200000| Untracked 
|  64|0x000000074d400000, 0x000000074d400000, 0x000000074d600000|  0%| F|  |TAMS 0x000000074d400000, 0x000000074d400000| Untracked 
|  65|0x000000074d600000, 0x000000074d600000, 0x000000074d800000|  0%| F|  |TAMS 0x000000074d600000, 0x000000074d600000| Untracked 
|  66|0x000000074d800000, 0x000000074d800000, 0x000000074da00000|  0%| F|  |TAMS 0x000000074d800000, 0x000000074d800000| Untracked 
|  67|0x000000074da00000, 0x000000074da00000, 0x000000074dc00000|  0%| F|  |TAMS 0x000000074da00000, 0x000000074da00000| Untracked 
|  68|0x000000074dc00000, 0x000000074dc00000, 0x000000074de00000|  0%| F|  |TAMS 0x000000074dc00000, 0x000000074dc00000| Untracked 
|  69|0x000000074de00000, 0x000000074de00000, 0x000000074e000000|  0%| F|  |TAMS 0x000000074de00000, 0x000000074de00000| Untracked 
|  70|0x000000074e000000, 0x000000074e000000, 0x000000074e200000|  0%| F|  |TAMS 0x000000074e000000, 0x000000074e000000| Untracked 
|  71|0x000000074e200000, 0x000000074e200000, 0x000000074e400000|  0%| F|  |TAMS 0x000000074e200000, 0x000000074e200000| Untracked 
|  72|0x000000074e400000, 0x000000074e400000, 0x000000074e600000|  0%| F|  |TAMS 0x000000074e400000, 0x000000074e400000| Untracked 
|  73|0x000000074e600000, 0x000000074e600000, 0x000000074e800000|  0%| F|  |TAMS 0x000000074e600000, 0x000000074e600000| Untracked 
|  74|0x000000074e800000, 0x000000074e800000, 0x000000074ea00000|  0%| F|  |TAMS 0x000000074e800000, 0x000000074e800000| Untracked 
|  75|0x000000074ea00000, 0x000000074ea00000, 0x000000074ec00000|  0%| F|  |TAMS 0x000000074ea00000, 0x000000074ea00000| Untracked 
|  76|0x000000074ec00000, 0x000000074ec00000, 0x000000074ee00000|  0%| F|  |TAMS 0x000000074ec00000, 0x000000074ec00000| Untracked 
|  77|0x000000074ee00000, 0x000000074ee00000, 0x000000074f000000|  0%| F|  |TAMS 0x000000074ee00000, 0x000000074ee00000| Untracked 
|  78|0x000000074f000000, 0x000000074f000000, 0x000000074f200000|  0%| F|  |TAMS 0x000000074f000000, 0x000000074f000000| Untracked 
|  79|0x000000074f200000, 0x000000074f200000, 0x000000074f400000|  0%| F|  |TAMS 0x000000074f200000, 0x000000074f200000| Untracked 
|  80|0x000000074f400000, 0x000000074f400000, 0x000000074f600000|  0%| F|  |TAMS 0x000000074f400000, 0x000000074f400000| Untracked 
|  81|0x000000074f600000, 0x000000074f600000, 0x000000074f800000|  0%| F|  |TAMS 0x000000074f600000, 0x000000074f600000| Untracked 
|  82|0x000000074f800000, 0x000000074f800000, 0x000000074fa00000|  0%| F|  |TAMS 0x000000074f800000, 0x000000074f800000| Untracked 
|  83|0x000000074fa00000, 0x000000074fa00000, 0x000000074fc00000|  0%| F|  |TAMS 0x000000074fa00000, 0x000000074fa00000| Untracked 
|  84|0x000000074fc00000, 0x000000074fc00000, 0x000000074fe00000|  0%| F|  |TAMS 0x000000074fc00000, 0x000000074fc00000| Untracked 
|  85|0x000000074fe00000, 0x000000074fe00000, 0x0000000750000000|  0%| F|  |TAMS 0x000000074fe00000, 0x000000074fe00000| Untracked 
|  86|0x0000000750000000, 0x0000000750000000, 0x0000000750200000|  0%| F|  |TAMS 0x0000000750000000, 0x0000000750000000| Untracked 
|  87|0x0000000750200000, 0x0000000750200000, 0x0000000750400000|  0%| F|  |TAMS 0x0000000750200000, 0x0000000750200000| Untracked 
|  88|0x0000000750400000, 0x0000000750400000, 0x0000000750600000|  0%| F|  |TAMS 0x0000000750400000, 0x0000000750400000| Untracked 
|  89|0x0000000750600000, 0x0000000750600000, 0x0000000750800000|  0%| F|  |TAMS 0x0000000750600000, 0x0000000750600000| Untracked 
|  90|0x0000000750800000, 0x0000000750800000, 0x0000000750a00000|  0%| F|  |TAMS 0x0000000750800000, 0x0000000750800000| Untracked 
|  91|0x0000000750a00000, 0x0000000750a00000, 0x0000000750c00000|  0%| F|  |TAMS 0x0000000750a00000, 0x0000000750a00000| Untracked 
|  92|0x0000000750c00000, 0x0000000750c00000, 0x0000000750e00000|  0%| F|  |TAMS 0x0000000750c00000, 0x0000000750c00000| Untracked 
|  93|0x0000000750e00000, 0x0000000750eb8630, 0x0000000751000000| 36%| E|  |TAMS 0x0000000750e00000, 0x0000000750e00000| Complete 

Card table byte_map: [0x000001ac649b0000,0x000001ac64f90000] _byte_map_base: 0x000001ac60f86000

Marking Bits (Prev, Next): (CMBitMap*) 0x000001ac4dc993f0, (CMBitMap*) 0x000001ac4dc99430
 Prev Bits: [0x000001ac65570000, 0x000001ac68420000)
 Next Bits: [0x000001ac68420000, 0x000001ac6b2d0000)

Polling page: 0x000001ac4bc50000

Metaspace:

Usage:
  Non-class:     80.23 KB used.
      Class:      1.59 KB used.
       Both:     81.81 KB used.

Virtual space:
  Non-class space:        8.00 MB reserved,     128.00 KB (  2%) committed,  1 nodes.
      Class space:        1.00 GB reserved,      64.00 KB ( <1%) committed,  1 nodes.
              Both:        1.01 GB reserved,     192.00 KB ( <1%) committed. 

Chunk freelists:
   Non-Class:  0 bytes
       Class:  3.75 MB
        Both:  3.75 MB

MaxMetaspaceSize: 17179869184.00 GB
CompressedClassSpaceSize: 1.00 GB
 - commit_granule_bytes: 65536.
 - commit_granule_words: 8192.
 - virtual_space_node_default_size: 1048576.
 - enlarge_chunks_in_place: 1.
 - new_chunks_are_fully_committed: 0.
 - uncommit_free_chunks: 1.
 - use_allocation_guard: 0.
 - handle_deallocations: 1.


Internal statistics:

num_allocs_failed_limit: 0.
num_arena_births: 2.
num_arena_deaths: 0.
num_vsnodes_births: 2.
num_vsnodes_deaths: 0.
num_space_committed: 3.
num_space_uncommitted: 0.
num_chunks_returned_to_freelist: 0.
num_chunks_taken_from_freelist: 3.
num_chunk_merges: 0.
num_chunk_splits: 1.
num_chunks_enlarged: 0.
num_purges: 0.

CodeHeap 'non-profiled nmethods': size=120000Kb used=0Kb max_used=0Kb free=120000Kb
 bounds [0x000001ac5cea0000, 0x000001ac5d110000, 0x000001ac643d0000]
CodeHeap 'profiled nmethods': size=120000Kb used=0Kb max_used=0Kb free=120000Kb
 bounds [0x000001ac55970000, 0x000001ac55be0000, 0x000001ac5cea0000]
CodeHeap 'non-nmethods': size=5760Kb used=447Kb max_used=447Kb free=5313Kb
 bounds [0x000001ac553d0000, 0x000001ac55640000, 0x000001ac55970000]
 total_blobs=254 nmethods=0 adapters=219
 compilation: enabled
              stopped_count=0, restarted_count=0
 full_count=0

Compilation events (0 events):
No events

GC Heap History (0 events):
No events

Deoptimization events (0 events):
No events

Classes unloaded (0 events):
No events

Classes redefined (0 events):
No events

Internal exceptions (0 events):
No events

Events (13 events):
Event: 0.012 Loaded shared library C:\Program Files\Java\jdk-16.0.2\bin\java.dll
Event: 0.029 Thread 0x000001ac4dc55a20 Thread added: 0x000001ac4dc55a20
Event: 0.033 Thread 0x000001ac6d76be60 Thread added: 0x000001ac6d76be60
Event: 0.033 Thread 0x000001ac6d76cd20 Thread added: 0x000001ac6d76cd20
Event: 0.046 loading class sun/nio/cs/IBM850
Event: 0.046 loading class sun/nio/cs/IBM850 done
Event: 0.048 Thread 0x000001ac6d77ea70 Thread added: 0x000001ac6d77ea70
Event: 0.048 Thread 0x000001ac6d780590 Thread added: 0x000001ac6d780590
Event: 0.048 Thread 0x000001ac6d782fa0 Thread added: 0x000001ac6d782fa0
Event: 0.048 Thread 0x000001ac6d786ea0 Thread added: 0x000001ac6d786ea0
Event: 0.049 Thread 0x000001ac6d78abf0 Thread added: 0x000001ac6d78abf0
Event: 0.049 Thread 0x000001ac6d78d640 Thread added: 0x000001ac6d78d640
Event: 0.049 Thread 0x000001ac6d79a480 Thread added: 0x000001ac6d79a480


Dynamic libraries:
0x00007ff7b1530000 - 0x00007ff7b1540000 	C:\Program Files\Java\jdk-16.0.2\bin\java.exe
0x00007ffd1aab0000 - 0x00007ffd1aca5000 	C:\WINDOWS\SYSTEM32\ntdll.dll
0x00007ffd19c70000 - 0x00007ffd19d2e000 	C:\WINDOWS\System32\KERNEL32.DLL
0x00007ffd18720000 - 0x00007ffd189e9000 	C:\WINDOWS\System32\KERNELBASE.dll
0x00007ffd18310000 - 0x00007ffd18410000 	C:\WINDOWS\System32\ucrtbase.dll
0x00007ffd11ee0000 - 0x00007ffd11ef9000 	C:\Program Files\Java\jdk-16.0.2\bin\VCRUNTIME140.dll
0x00007ffd11ec0000 - 0x00007ffd11ed8000 	C:\Program Files\Java\jdk-16.0.2\bin\jli.dll
0x00007ffd1a220000 - 0x00007ffd1a2cc000 	C:\WINDOWS\System32\ADVAPI32.dll
0x00007ffd1a620000 - 0x00007ffd1a6be000 	C:\WINDOWS\System32\msvcrt.dll
0x00007ffd1a570000 - 0x00007ffd1a60b000 	C:\WINDOWS\System32\sechost.dll
0x00007ffd19350000 - 0x00007ffd1947a000 	C:\WINDOWS\System32\RPCRT4.dll
0x00007ffd1a7d0000 - 0x00007ffd1a971000 	C:\WINDOWS\System32\USER32.dll
0x00007ffd03860000 - 0x00007ffd03afa000 	C:\WINDOWS\WinSxS\amd64_microsoft.windows.common-controls_6595b64144ccf1df_6.0.19041.1110_none_60b5254171f9507e\COMCTL32.dll
0x00007ffd18250000 - 0x00007ffd18272000 	C:\WINDOWS\System32\win32u.dll
0x00007ffd19d30000 - 0x00007ffd19d5b000 	C:\WINDOWS\System32\GDI32.dll
0x00007ffd189f0000 - 0x00007ffd18afb000 	C:\WINDOWS\System32\gdi32full.dll
0x00007ffd184c0000 - 0x00007ffd1855d000 	C:\WINDOWS\System32\msvcp_win.dll
0x00007ffd13d00000 - 0x00007ffd13d0a000 	C:\WINDOWS\SYSTEM32\VERSION.dll
0x00007ffd1a540000 - 0x00007ffd1a570000 	C:\WINDOWS\System32\IMM32.DLL
0x00007ffd15ec0000 - 0x00007ffd15ecc000 	C:\Program Files\Java\jdk-16.0.2\bin\vcruntime140_1.dll
0x00007ffced640000 - 0x00007ffced6d1000 	C:\Program Files\Java\jdk-16.0.2\bin\msvcp140.dll
0x00007ffce1b30000 - 0x00007ffce26db000 	C:\Program Files\Java\jdk-16.0.2\bin\server\jvm.dll
0x00007ffd19340000 - 0x00007ffd19348000 	C:\WINDOWS\System32\PSAPI.DLL
0x00007ffcf2d80000 - 0x00007ffcf2d89000 	C:\WINDOWS\SYSTEM32\WSOCK32.dll
0x00007ffd19530000 - 0x00007ffd1959b000 	C:\WINDOWS\System32\WS2_32.dll
0x00007ffd12be0000 - 0x00007ffd12c07000 	C:\WINDOWS\SYSTEM32\WINMM.dll
0x00007ffd16a50000 - 0x00007ffd16a62000 	C:\WINDOWS\SYSTEM32\kernel.appcore.dll
0x00007ffd127e0000 - 0x00007ffd127ea000 	C:\Program Files\Java\jdk-16.0.2\bin\jimage.dll
0x00007ffd031a0000 - 0x00007ffd03384000 	C:\WINDOWS\SYSTEM32\DBGHELP.DLL
0x00007ffd030c0000 - 0x00007ffd030ec000 	C:\WINDOWS\SYSTEM32\dbgcore.DLL
0x00007ffd18280000 - 0x00007ffd18303000 	C:\WINDOWS\System32\bcryptPrimitives.dll
0x00007ffd0cc00000 - 0x00007ffd0cc25000 	C:\Program Files\Java\jdk-16.0.2\bin\java.dll
0x00007ffd18b20000 - 0x00007ffd1925f000 	C:\WINDOWS\System32\SHELL32.dll
0x00007ffd162b0000 - 0x00007ffd16a40000 	C:\WINDOWS\SYSTEM32\windows.storage.dll
0x00007ffd19ec0000 - 0x00007ffd1a215000 	C:\WINDOWS\System32\combase.dll
0x00007ffd17b50000 - 0x00007ffd17b7c000 	C:\WINDOWS\SYSTEM32\Wldp.dll
0x00007ffd19480000 - 0x00007ffd1952e000 	C:\WINDOWS\System32\SHCORE.dll
0x00007ffd1a2d0000 - 0x00007ffd1a325000 	C:\WINDOWS\System32\shlwapi.dll
0x00007ffd18110000 - 0x00007ffd1812f000 	C:\WINDOWS\SYSTEM32\profapi.dll

dbghelp: loaded successfully - version: 4.0.5 - missing functions: none
symbol engine: initialized successfully - sym options: 0x614 - pdb path: .;C:\Program Files\Java\jdk-16.0.2\bin;C:\WINDOWS\SYSTEM32;C:\WINDOWS\WinSxS\amd64_microsoft.windows.common-controls_6595b64144ccf1df_6.0.19041.1110_none_60b5254171f9507e;C:\Program Files\Java\jdk-16.0.2\bin\server

VM Arguments:
jvm_args: -Dclassworlds.conf=C:\Users\NEW USER\Documents\lib\apache-maven-3.8.1-bin\apache-maven-3.8.1\bin\..\bin\m2.conf -Dmaven.home=C:\Users\NEW USER\Documents\lib\apache-maven-3.8.1-bin\apache-maven-3.8.1\bin\.. -Dlibrary.jansi.path=C:\Users\NEW USER\Documents\lib\apache-maven-3.8.1-bin\apache-maven-3.8.1\bin\..\lib\jansi-native -Dmaven.multiModuleProjectDirectory=C:\Users\NEW USER\Documents\Maven Projects\demo2 
java_command: org.codehaus.plexus.classworlds.launcher.Launcher install -f c:\Users\NEW USER\Documents\Maven Projects\demo2\demo3\pom.xml
java_class_path (initial): C:\Users\NEW USER\Documents\lib\apache-maven-3.8.1-bin\apache-maven-3.8.1\bin\..\boot\plexus-classworlds-2.6.0.jar
Launcher Type: SUN_STANDARD

[Global flags]
     intx CICompilerCount                          = 3                                         {product} {ergonomic}
     uint ConcGCThreads                            = 1                                         {product} {ergonomic}
     uint G1ConcRefinementThreads                  = 4                                         {product} {ergonomic}
   size_t G1HeapRegionSize                         = 2097152                                   {product} {ergonomic}
    uintx GCDrainStackTargetSize                   = 64                                        {product} {ergonomic}
   size_t InitialHeapSize                          = 197132288                                 {product} {ergonomic}
   size_t MarkStackSize                            = 4194304                                   {product} {ergonomic}
   size_t MaxHeapSize                              = 3133145088                                {product} {ergonomic}
   size_t MaxNewSize                               = 1879048192                                {product} {ergonomic}
   size_t MinHeapDeltaBytes                        = 2097152                                   {product} {ergonomic}
   size_t MinHeapSize                              = 8388608                                   {product} {ergonomic}
    uintx NonNMethodCodeHeapSize                   = 5832780                                {pd product} {ergonomic}
    uintx NonProfiledCodeHeapSize                  = 122912730                              {pd product} {ergonomic}
    uintx ProfiledCodeHeapSize                     = 122912730                              {pd product} {ergonomic}
    uintx ReservedCodeCacheSize                    = 251658240                              {pd product} {ergonomic}
     bool SegmentedCodeCache                       = true                                      {product} {ergonomic}
   size_t SoftMaxHeapSize                          = 3133145088                             {manageable} {ergonomic}
     bool UseCompressedClassPointers               = true                           {product lp64_product} {ergonomic}
     bool UseCompressedOops                        = true                           {product lp64_product} {ergonomic}
     bool UseG1GC                                  = true                                      {product} {ergonomic}
     bool UseLargePagesIndividualAllocation        = false                                  {pd product} {ergonomic}

Logging:
Log output configuration:
 #0: stdout all=warning uptime,level,tags
 #1: stderr all=off uptime,level,tags

Environment Variables:
JAVA_HOME=C:\Program Files\Java\jdk-16.0.2
CLASSPATH=C:\Users\NEW USER\Documents\lib\selenium-java-4.0.0-beta-4(1);C:\Users\NEW USER\Documents\lib\jar_files;C:\Users\NEW USER\Documents\lib\jar_files (2);C:\Users\NEW USER\Downloads\openjfx-11.0.2_windows-x64_bin-sdk\javafx-sdk-11.0.2;C:\Users\NEW USER\Downloads\openjfx-11.0.2_windows-x64_bin-sdk\javafx-sdk-11.0.2\lib;C:\Users\NEW USER\Downloads\openjfx-11.0.2_windows-x64_bin-sdk\javafx-sdk-11.0.2\lib\javafx.graphics\javafx;C:\Users\NEW USER\Downloads\javafx-examples-master\javafx-built-in-layout-pane-examples\src\javafx\example\gridpane\*;C:\Users\NEW USER\Downloads\openjfx-11.0.2_windows-x64_bin-sdk\javafx-sdk-11.0.2;C:\Users\NEW USER\Downloads\openjfx-11.0.2_windows-x64_bin-sdk\javafx-sdk-11.0.2\lib\javafx.graphics\javafx\*;C:\Users\NEW USER\Downloads\openjfx-11.0.2_windows-x64_bin-sdk\javafx-sdk-11.0.2\lib\javafx.graphics\javafx\stage;C:\Users\NEW USER\Downloads\openjfx-11.0.2_windows-x64_bin-sdk\javafx-sdk-11.0.2\lib\*;C:\Users\NEW USER\Downloads\apache-maven-3.8.2-bin\apache-maven-3.8.2\bin;C:\Users\NEW USER\Downloads\apache-maven-3.8.2-bin\apache-maven-3.8.2\lib\*;C:\Users\NEW USER\Downloads\apache-maven-3.8.2-bin\apache-maven-3.8.2\boot\*;C:\Users\NEW USER\Downloads\apache-maven-3.8.2-bin\apache-maven-3.8.2\jdk-16.0.2;C:\Program Files\Java\jdk-16.0.2\lib;
PATH=C:\WINDOWS\system32;C:\WINDOWS;C:\WINDOWS\System32\Wbem;C:\WINDOWS\System32\WindowsPowerShell\v1.0\;C:\WINDOWS\System32\OpenSSH\;C:\Program Files\Epic Games\Fortnite\FortniteGame\Binaries\Win64;C:\Program Files (x86)\Epic Games\Launcher\Engine\Binaries\Win64;C:\Program Files (x86)\Epic Games\Epic Online Services\service;C:\Program Files (x86)\Epic Games\Epic Online Services;C:\Program Files (x86)\Epic Games\DirectXRedist;C:\Users\NEW USER\Desktop;C:\Program Files\Epic Games\Fortnite\Engine\Binaries\Win64;C:\Program Files\dotnet\;C:\Program Files\dotnet;C:\Users\NEW USER\Documents\lib\spring-boot-cli-2.5.1-bin\spring-2.5.1\bin;C:\Users\NEW USER\Documents\lib\apache-maven-3.8.1-bin\apache-maven-3.8.1\bin;C:\Users\NEW USER\Documents\lib\chromedriver_win32;C:\Users\NEW USER\Documents\lib\geckodriver-v0.29.0-win64;C:\Program Files\Java\jdk-16.0.2\bin;C:\Users\NEW USER\Downloads\openjfx-11.0.2_windows-x64_bin-sdk\javafx-sdk-11.0.2;C:\Program Files\Microsoft SQL Server\130\Tools\Binn\;C:\Program Files\Microsoft SQL Server\Client SDK\ODBC\170\Tools\Binn\;C:\Program Files (x86)\QuickTime\QTSystem\;C:\Users\NEW USER\Downloads\openjfx-11.0.2_windows-x64_bin-sdk\javafx-sdk-11.0.2\lib\javafx.graphics\javafx;C:\Users\NEW USER\Downloads\javafx-examples-master\javafx-built-in-layout-pane-examples\src\javafx\example\gridpane\*;C:\Users\NEW USER\Downloads\openjfx-11.0.2_windows-x64_bin-sdk\javafx-sdk-11.0.2;C:\Users\NEW USER\Downloads\openjfx-11.0.2_windows-x64_bin-sdk\javafx-sdk-11.0.2\lib\javafx.graphics\javafx\stage;C:\Users\NEW USER\Downloads\openjfx-11.0.2_windows-x64_bin-sdk\javafx-sdk-11.0.2\lib;C:\Users\NEW USER\Downloads\openjfx-11.0.2_windows-x64_bin-sdk\javafx-sdk-11.0.2\lib*;C:\Users\NEW USER\Downloads\openjfx-11.0.2_windows-x64_bin-sdk\javafx-sdk-11.0.2\lib\*;C:\Users\NEW USER\Downloads\apache-maven-3.8.2-bin\apache-maven-3.8.2\bin;C:\Users\NEW USER\Downloads\apache-maven-3.8.2-bin\apache-maven-3.8.2\lib\*;C:\Program Files (x86)\Git\cmd;C:\Users\NEW USER\AppData\Local\
USERNAME=NEW USER
LANG=en_GB.UTF-8
OS=Windows_NT
PROCESSOR_IDENTIFIER=Intel64 Family 6 Model 69 Stepping 1, GenuineIntel



---------------  S Y S T E M  ---------------

OS:
 Windows 10 , 64 bit Build 19041 (10.0.19041.1202)
OS uptime: 5 days 10:37 hours

CPU: total 4 (initial active 4) (2 cores per cpu, 2 threads per core) family 6 model 69 stepping 1 microcode 0x25, cx8, cmov, fxsr, ht, mmx, sse, sse2, sse3, ssse3, sse4.1, sse4.2, popcnt, lzcnt, tsc, tscinvbit, avx, avx2, aes, erms, clmul, bmi1, bmi2, fma, vzeroupper, clflush

Memory: 4k page, system-wide physical 11945M (967M free)
TotalPageFile size 11945M (AvailPageFile size 2M)
current process WorkingSet (physical memory assigned to process): 22M, peak: 22M
current process commit charge ("private bytes"): 262M, peak: 262M

vm_info: Java HotSpot(TM) 64-Bit Server VM (16.0.2+7-67) for windows-amd64 JRE (16.0.2+7-67), built on Jun  8 2021 23:24:19 by "mach5one" with MS VC++ 16.7 (VS2019)

END.
